0 info it worked if it ends with ok
1 verbose cli [ '/usr/bin/node',
1 verbose cli   '/usr/bin/npm',
1 verbose cli   'run',
1 verbose cli   'gulp',
1 verbose cli   'scssCompile',
1 verbose cli   '--env',
1 verbose cli   'production' ]
2 info using npm@3.5.2
3 info using node@v8.10.0
4 verbose run-script [ 'pregulp', 'gulp', 'postgulp' ]
5 info lifecycle gulp-practice@0.0.2~pregulp: gulp-practice@0.0.2
6 silly lifecycle gulp-practice@0.0.2~pregulp: no script for pregulp, continuing
7 info lifecycle gulp-practice@0.0.2~gulp: gulp-practice@0.0.2
8 verbose lifecycle gulp-practice@0.0.2~gulp: unsafe-perm in lifecycle true
9 verbose lifecycle gulp-practice@0.0.2~gulp: PATH: /usr/share/npm/bin/node-gyp-bin:/media/lookswalidy/Front End/GulpPractice/node_modules/.bin:/media/lookswalidy/Front End/GulpPractice/venv/bin:/usr/local/sbin:/usr/local/bin:/usr/sbin:/usr/bin:/sbin:/bin:/usr/games:/usr/local/games:/snap/bin
10 verbose lifecycle gulp-practice@0.0.2~gulp: CWD: /media/lookswalidy/Front End/GulpPractice
11 silly lifecycle gulp-practice@0.0.2~gulp: Args: [ '-c', 'gulp "scssCompile" "production"' ]
12 silly lifecycle gulp-practice@0.0.2~gulp: Returned: code: 1  signal: null
13 info lifecycle gulp-practice@0.0.2~gulp: Failed to exec gulp script
14 verbose stack Error: gulp-practice@0.0.2 gulp: `gulp "scssCompile" "production"`
14 verbose stack Exit status 1
14 verbose stack     at EventEmitter.<anonymous> (/usr/share/npm/lib/utils/lifecycle.js:232:16)
14 verbose stack     at emitTwo (events.js:126:13)
14 verbose stack     at EventEmitter.emit (events.js:214:7)
14 verbose stack     at ChildProcess.<anonymous> (/usr/share/npm/lib/utils/spawn.js:24:14)
14 verbose stack     at emitTwo (events.js:126:13)
14 verbose stack     at ChildProcess.emit (events.js:214:7)
14 verbose stack     at maybeClose (internal/child_process.js:925:16)
14 verbose stack     at Process.ChildProcess._handle.onexit (internal/child_process.js:209:5)
15 verbose pkgid gulp-practice@0.0.2
16 verbose cwd /media/lookswalidy/Front End/GulpPractice
17 error Linux 4.18.0-22-generic
18 error argv "/usr/bin/node" "/usr/bin/npm" "run" "gulp" "scssCompile" "--env" "production"
19 error node v8.10.0
20 error npm  v3.5.2
21 error code ELIFECYCLE
22 error gulp-practice@0.0.2 gulp: `gulp "scssCompile" "production"`
22 error Exit status 1
23 error Failed at the gulp-practice@0.0.2 gulp script 'gulp "scssCompile" "production"'.
23 error Make sure you have the latest version of node.js and npm installed.
23 error If you do, this is most likely a problem with the gulp-practice package,
23 error not with npm itself.
23 error Tell the author that this fails on your system:
23 error     gulp "scssCompile" "production"
23 error You can get information on how to open an issue for this project with:
23 error     npm bugs gulp-practice
23 error Or if that isn't available, you can get their info via:
23 error     npm owner ls gulp-practice
23 error There is likely additional logging output above.
24 verbose exit [ 1, true ]
